{"/home/shrilaja.k/Documents/Project/Phase2project/Phase2/src/redux/homeAction.ts": {"path":"/home/shrilaja.k/Documents/Project/Phase2project/Phase2/src/redux/homeAction.ts","statementMap":{"0":{"start":{"line":1,"column":0},"end":{"line":1,"column":null}},"1":{"start":{"line":11,"column":0},"end":{"line":11,"column":25}},"2":{"start":{"line":13,"column":31},"end":{"line":16,"column":2}},"3":{"start":{"line":13,"column":47},"end":{"line":16,"column":2}},"4":{"start":{"line":13,"column":13},"end":{"line":13,"column":31}},"5":{"start":{"line":17,"column":28},"end":{"line":20,"column":2}},"6":{"start":{"line":17,"column":44},"end":{"line":20,"column":2}},"7":{"start":{"line":17,"column":13},"end":{"line":17,"column":28}},"8":{"start":{"line":21,"column":29},"end":{"line":24,"column":2}},"9":{"start":{"line":21,"column":45},"end":{"line":24,"column":2}},"10":{"start":{"line":21,"column":13},"end":{"line":21,"column":29}},"11":{"start":{"line":25,"column":29},"end":{"line":28,"column":2}},"12":{"start":{"line":25,"column":45},"end":{"line":28,"column":2}},"13":{"start":{"line":25,"column":13},"end":{"line":25,"column":29}},"14":{"start":{"line":29,"column":32},"end":{"line":32,"column":2}},"15":{"start":{"line":29,"column":48},"end":{"line":32,"column":2}},"16":{"start":{"line":29,"column":13},"end":{"line":29,"column":32}},"17":{"start":{"line":33,"column":29},"end":{"line":36,"column":2}},"18":{"start":{"line":33,"column":45},"end":{"line":36,"column":2}},"19":{"start":{"line":33,"column":13},"end":{"line":33,"column":29}},"20":{"start":{"line":37,"column":29},"end":{"line":40,"column":2}},"21":{"start":{"line":37,"column":45},"end":{"line":40,"column":2}},"22":{"start":{"line":37,"column":13},"end":{"line":37,"column":29}},"23":{"start":{"line":41,"column":30},"end":{"line":44,"column":2}},"24":{"start":{"line":41,"column":46},"end":{"line":44,"column":2}},"25":{"start":{"line":41,"column":13},"end":{"line":41,"column":30}},"26":{"start":{"line":46,"column":16},"end":{"line":52,"column":2}},"27":{"start":{"line":54,"column":28},"end":{"line":62,"column":3}},"28":{"start":{"line":54,"column":40},"end":{"line":62,"column":3}},"29":{"start":{"line":55,"column":4},"end":{"line":61,"column":5}},"30":{"start":{"line":56,"column":18},"end":{"line":56,"column":105}},"31":{"start":{"line":57,"column":6},"end":{"line":57,"column":28}},"32":{"start":{"line":58,"column":6},"end":{"line":58,"column":55}},"33":{"start":{"line":60,"column":6},"end":{"line":60,"column":25}},"34":{"start":{"line":54,"column":13},"end":{"line":54,"column":28}},"35":{"start":{"line":64,"column":27},"end":{"line":72,"column":3}},"36":{"start":{"line":64,"column":39},"end":{"line":72,"column":3}},"37":{"start":{"line":65,"column":4},"end":{"line":71,"column":5}},"38":{"start":{"line":66,"column":18},"end":{"line":66,"column":101}},"39":{"start":{"line":67,"column":6},"end":{"line":67,"column":28}},"40":{"start":{"line":68,"column":6},"end":{"line":68,"column":52}},"41":{"start":{"line":70,"column":6},"end":{"line":70,"column":25}},"42":{"start":{"line":64,"column":14},"end":{"line":64,"column":27}},"43":{"start":{"line":75,"column":27},"end":{"line":83,"column":3}},"44":{"start":{"line":75,"column":39},"end":{"line":83,"column":3}},"45":{"start":{"line":76,"column":4},"end":{"line":82,"column":5}},"46":{"start":{"line":77,"column":18},"end":{"line":77,"column":103}},"47":{"start":{"line":78,"column":6},"end":{"line":78,"column":28}},"48":{"start":{"line":79,"column":6},"end":{"line":79,"column":53}},"49":{"start":{"line":81,"column":6},"end":{"line":81,"column":25}},"50":{"start":{"line":75,"column":14},"end":{"line":75,"column":27}},"51":{"start":{"line":85,"column":28},"end":{"line":93,"column":3}},"52":{"start":{"line":85,"column":40},"end":{"line":93,"column":3}},"53":{"start":{"line":86,"column":4},"end":{"line":92,"column":5}},"54":{"start":{"line":87,"column":18},"end":{"line":87,"column":102}},"55":{"start":{"line":88,"column":6},"end":{"line":88,"column":28}},"56":{"start":{"line":89,"column":6},"end":{"line":89,"column":53}},"57":{"start":{"line":91,"column":6},"end":{"line":91,"column":25}},"58":{"start":{"line":85,"column":14},"end":{"line":85,"column":28}},"59":{"start":{"line":95,"column":31},"end":{"line":103,"column":3}},"60":{"start":{"line":95,"column":43},"end":{"line":103,"column":3}},"61":{"start":{"line":96,"column":4},"end":{"line":102,"column":5}},"62":{"start":{"line":97,"column":18},"end":{"line":97,"column":103}},"63":{"start":{"line":98,"column":6},"end":{"line":98,"column":28}},"64":{"start":{"line":99,"column":6},"end":{"line":99,"column":56}},"65":{"start":{"line":101,"column":6},"end":{"line":101,"column":25}},"66":{"start":{"line":95,"column":14},"end":{"line":95,"column":31}},"67":{"start":{"line":105,"column":28},"end":{"line":113,"column":3}},"68":{"start":{"line":105,"column":40},"end":{"line":113,"column":3}},"69":{"start":{"line":106,"column":4},"end":{"line":112,"column":5}},"70":{"start":{"line":107,"column":18},"end":{"line":107,"column":101}},"71":{"start":{"line":108,"column":6},"end":{"line":108,"column":28}},"72":{"start":{"line":109,"column":6},"end":{"line":109,"column":53}},"73":{"start":{"line":111,"column":6},"end":{"line":111,"column":25}},"74":{"start":{"line":105,"column":14},"end":{"line":105,"column":28}},"75":{"start":{"line":115,"column":27},"end":{"line":123,"column":3}},"76":{"start":{"line":115,"column":40},"end":{"line":123,"column":3}},"77":{"start":{"line":116,"column":4},"end":{"line":122,"column":5}},"78":{"start":{"line":117,"column":18},"end":{"line":117,"column":98}},"79":{"start":{"line":118,"column":6},"end":{"line":118,"column":28}},"80":{"start":{"line":119,"column":6},"end":{"line":119,"column":53}},"81":{"start":{"line":121,"column":6},"end":{"line":121,"column":25}},"82":{"start":{"line":115,"column":14},"end":{"line":115,"column":27}},"83":{"start":{"line":125,"column":29},"end":{"line":133,"column":3}},"84":{"start":{"line":125,"column":41},"end":{"line":133,"column":3}},"85":{"start":{"line":126,"column":4},"end":{"line":132,"column":5}},"86":{"start":{"line":127,"column":18},"end":{"line":127,"column":100}},"87":{"start":{"line":128,"column":6},"end":{"line":128,"column":28}},"88":{"start":{"line":129,"column":6},"end":{"line":129,"column":54}},"89":{"start":{"line":131,"column":6},"end":{"line":131,"column":25}},"90":{"start":{"line":125,"column":14},"end":{"line":125,"column":29}}},"fnMap":{"0":{"name":"(anonymous_1)","decl":{"start":{"line":13,"column":31},"end":{"line":13,"column":32}},"loc":{"start":{"line":13,"column":47},"end":{"line":16,"column":2}}},"1":{"name":"(anonymous_2)","decl":{"start":{"line":17,"column":28},"end":{"line":17,"column":29}},"loc":{"start":{"line":17,"column":44},"end":{"line":20,"column":2}}},"2":{"name":"(anonymous_3)","decl":{"start":{"line":21,"column":29},"end":{"line":21,"column":30}},"loc":{"start":{"line":21,"column":45},"end":{"line":24,"column":2}}},"3":{"name":"(anonymous_4)","decl":{"start":{"line":25,"column":29},"end":{"line":25,"column":30}},"loc":{"start":{"line":25,"column":45},"end":{"line":28,"column":2}}},"4":{"name":"(anonymous_5)","decl":{"start":{"line":29,"column":32},"end":{"line":29,"column":33}},"loc":{"start":{"line":29,"column":48},"end":{"line":32,"column":2}}},"5":{"name":"(anonymous_6)","decl":{"start":{"line":33,"column":29},"end":{"line":33,"column":30}},"loc":{"start":{"line":33,"column":45},"end":{"line":36,"column":2}}},"6":{"name":"(anonymous_7)","decl":{"start":{"line":37,"column":29},"end":{"line":37,"column":30}},"loc":{"start":{"line":37,"column":45},"end":{"line":40,"column":2}}},"7":{"name":"(anonymous_8)","decl":{"start":{"line":41,"column":30},"end":{"line":41,"column":31}},"loc":{"start":{"line":41,"column":46},"end":{"line":44,"column":2}}},"8":{"name":"(anonymous_9)","decl":{"start":{"line":54,"column":28},"end":{"line":54,"column":29}},"loc":{"start":{"line":54,"column":40},"end":{"line":62,"column":3}}},"9":{"name":"(anonymous_10)","decl":{"start":{"line":54,"column":40},"end":{"line":54,"column":45}},"loc":{"start":{"line":54,"column":58},"end":{"line":62,"column":3}}},"10":{"name":"(anonymous_11)","decl":{"start":{"line":64,"column":27},"end":{"line":64,"column":28}},"loc":{"start":{"line":64,"column":39},"end":{"line":72,"column":3}}},"11":{"name":"(anonymous_12)","decl":{"start":{"line":64,"column":39},"end":{"line":64,"column":44}},"loc":{"start":{"line":64,"column":57},"end":{"line":72,"column":3}}},"12":{"name":"(anonymous_13)","decl":{"start":{"line":75,"column":27},"end":{"line":75,"column":28}},"loc":{"start":{"line":75,"column":39},"end":{"line":83,"column":3}}},"13":{"name":"(anonymous_14)","decl":{"start":{"line":75,"column":39},"end":{"line":75,"column":44}},"loc":{"start":{"line":75,"column":58},"end":{"line":83,"column":3}}},"14":{"name":"(anonymous_15)","decl":{"start":{"line":85,"column":28},"end":{"line":85,"column":29}},"loc":{"start":{"line":85,"column":40},"end":{"line":93,"column":3}}},"15":{"name":"(anonymous_16)","decl":{"start":{"line":85,"column":40},"end":{"line":85,"column":45}},"loc":{"start":{"line":85,"column":58},"end":{"line":93,"column":3}}},"16":{"name":"(anonymous_17)","decl":{"start":{"line":95,"column":31},"end":{"line":95,"column":32}},"loc":{"start":{"line":95,"column":43},"end":{"line":103,"column":3}}},"17":{"name":"(anonymous_18)","decl":{"start":{"line":95,"column":43},"end":{"line":95,"column":48}},"loc":{"start":{"line":95,"column":61},"end":{"line":103,"column":3}}},"18":{"name":"(anonymous_19)","decl":{"start":{"line":105,"column":28},"end":{"line":105,"column":29}},"loc":{"start":{"line":105,"column":40},"end":{"line":113,"column":3}}},"19":{"name":"(anonymous_20)","decl":{"start":{"line":105,"column":40},"end":{"line":105,"column":45}},"loc":{"start":{"line":105,"column":58},"end":{"line":113,"column":3}}},"20":{"name":"(anonymous_21)","decl":{"start":{"line":115,"column":27},"end":{"line":115,"column":28}},"loc":{"start":{"line":115,"column":40},"end":{"line":123,"column":3}}},"21":{"name":"(anonymous_22)","decl":{"start":{"line":115,"column":40},"end":{"line":115,"column":45}},"loc":{"start":{"line":115,"column":58},"end":{"line":123,"column":3}}},"22":{"name":"(anonymous_23)","decl":{"start":{"line":125,"column":29},"end":{"line":125,"column":30}},"loc":{"start":{"line":125,"column":41},"end":{"line":133,"column":3}}},"23":{"name":"(anonymous_24)","decl":{"start":{"line":125,"column":41},"end":{"line":125,"column":46}},"loc":{"start":{"line":125,"column":59},"end":{"line":133,"column":3}}}},"branchMap":{"0":{"loc":{"start":{"line":54,"column":29},"end":{"line":54,"column":35}},"type":"default-arg","locations":[{"start":{"line":54,"column":34},"end":{"line":54,"column":35}}]},"1":{"loc":{"start":{"line":64,"column":28},"end":{"line":64,"column":34}},"type":"default-arg","locations":[{"start":{"line":64,"column":33},"end":{"line":64,"column":34}}]},"2":{"loc":{"start":{"line":75,"column":28},"end":{"line":75,"column":34}},"type":"default-arg","locations":[{"start":{"line":75,"column":33},"end":{"line":75,"column":34}}]},"3":{"loc":{"start":{"line":85,"column":29},"end":{"line":85,"column":35}},"type":"default-arg","locations":[{"start":{"line":85,"column":34},"end":{"line":85,"column":35}}]},"4":{"loc":{"start":{"line":95,"column":32},"end":{"line":95,"column":38}},"type":"default-arg","locations":[{"start":{"line":95,"column":37},"end":{"line":95,"column":38}}]},"5":{"loc":{"start":{"line":105,"column":29},"end":{"line":105,"column":35}},"type":"default-arg","locations":[{"start":{"line":105,"column":34},"end":{"line":105,"column":35}}]},"6":{"loc":{"start":{"line":115,"column":28},"end":{"line":115,"column":34}},"type":"default-arg","locations":[{"start":{"line":115,"column":33},"end":{"line":115,"column":34}}]},"7":{"loc":{"start":{"line":125,"column":30},"end":{"line":125,"column":36}},"type":"default-arg","locations":[{"start":{"line":125,"column":35},"end":{"line":125,"column":36}}]}},"s":{"0":1,"1":1,"2":1,"3":2,"4":1,"5":1,"6":2,"7":1,"8":1,"9":2,"10":1,"11":1,"12":0,"13":1,"14":1,"15":0,"16":1,"17":1,"18":0,"19":1,"20":1,"21":0,"22":1,"23":1,"24":0,"25":1,"26":1,"27":1,"28":1,"29":1,"30":1,"31":1,"32":1,"33":0,"34":1,"35":1,"36":1,"37":1,"38":1,"39":1,"40":1,"41":0,"42":1,"43":1,"44":1,"45":1,"46":1,"47":1,"48":1,"49":0,"50":1,"51":1,"52":0,"53":0,"54":0,"55":0,"56":0,"57":0,"58":1,"59":1,"60":0,"61":0,"62":0,"63":0,"64":0,"65":0,"66":1,"67":1,"68":0,"69":0,"70":0,"71":0,"72":0,"73":0,"74":1,"75":1,"76":0,"77":0,"78":0,"79":0,"80":0,"81":0,"82":1,"83":1,"84":0,"85":0,"86":0,"87":0,"88":0,"89":0,"90":1},"f":{"0":2,"1":2,"2":2,"3":0,"4":0,"5":0,"6":0,"7":0,"8":1,"9":1,"10":1,"11":1,"12":1,"13":1,"14":0,"15":0,"16":0,"17":0,"18":0,"19":0,"20":0,"21":0,"22":0,"23":0},"b":{"0":[0],"1":[0],"2":[0],"3":[0],"4":[0],"5":[0],"6":[0],"7":[0]}}
,"/home/shrilaja.k/Documents/Project/Phase2project/Phase2/src/redux/homeType.ts": {"path":"/home/shrilaja.k/Documents/Project/Phase2project/Phase2/src/redux/homeType.ts","statementMap":{"0":{"start":{"line":1,"column":13},"end":{"line":1,"column":null}},"1":{"start":{"line":2,"column":13},"end":{"line":2,"column":null}},"2":{"start":{"line":3,"column":13},"end":{"line":3,"column":null}},"3":{"start":{"line":4,"column":13},"end":{"line":4,"column":null}},"4":{"start":{"line":5,"column":13},"end":{"line":5,"column":null}},"5":{"start":{"line":6,"column":13},"end":{"line":6,"column":null}},"6":{"start":{"line":7,"column":13},"end":{"line":7,"column":null}},"7":{"start":{"line":8,"column":13},"end":{"line":8,"column":null}}},"fnMap":{},"branchMap":{},"s":{"0":1,"1":1,"2":1,"3":1,"4":1,"5":1,"6":1,"7":1},"f":{},"b":{}}
}
