TN:
SF:src/redux/homeAction.ts
FN:13,(anonymous_1)
FN:17,(anonymous_2)
FN:21,(anonymous_3)
FN:25,(anonymous_4)
FN:29,(anonymous_5)
FN:33,(anonymous_6)
FN:37,(anonymous_7)
FN:41,(anonymous_8)
FN:54,(anonymous_9)
FN:54,(anonymous_10)
FN:64,(anonymous_11)
FN:64,(anonymous_12)
FN:75,(anonymous_13)
FN:75,(anonymous_14)
FN:85,(anonymous_15)
FN:85,(anonymous_16)
FN:95,(anonymous_17)
FN:95,(anonymous_18)
FN:105,(anonymous_19)
FN:105,(anonymous_20)
FN:115,(anonymous_21)
FN:115,(anonymous_22)
FN:125,(anonymous_23)
FN:125,(anonymous_24)
FNF:24
FNH:9
FNDA:2,(anonymous_1)
FNDA:2,(anonymous_2)
FNDA:2,(anonymous_3)
FNDA:0,(anonymous_4)
FNDA:0,(anonymous_5)
FNDA:0,(anonymous_6)
FNDA:0,(anonymous_7)
FNDA:0,(anonymous_8)
FNDA:1,(anonymous_9)
FNDA:1,(anonymous_10)
FNDA:1,(anonymous_11)
FNDA:1,(anonymous_12)
FNDA:1,(anonymous_13)
FNDA:1,(anonymous_14)
FNDA:0,(anonymous_15)
FNDA:0,(anonymous_16)
FNDA:0,(anonymous_17)
FNDA:0,(anonymous_18)
FNDA:0,(anonymous_19)
FNDA:0,(anonymous_20)
FNDA:0,(anonymous_21)
FNDA:0,(anonymous_22)
FNDA:0,(anonymous_23)
FNDA:0,(anonymous_24)
DA:1,1
DA:11,1
DA:13,2
DA:17,2
DA:21,2
DA:25,1
DA:29,1
DA:33,1
DA:37,1
DA:41,1
DA:46,1
DA:54,1
DA:55,1
DA:56,1
DA:57,1
DA:58,1
DA:60,0
DA:64,1
DA:65,1
DA:66,1
DA:67,1
DA:68,1
DA:70,0
DA:75,1
DA:76,1
DA:77,1
DA:78,1
DA:79,1
DA:81,0
DA:85,1
DA:86,0
DA:87,0
DA:88,0
DA:89,0
DA:91,0
DA:95,1
DA:96,0
DA:97,0
DA:98,0
DA:99,0
DA:101,0
DA:105,1
DA:106,0
DA:107,0
DA:108,0
DA:109,0
DA:111,0
DA:115,1
DA:116,0
DA:117,0
DA:118,0
DA:119,0
DA:121,0
DA:125,1
DA:126,0
DA:127,0
DA:128,0
DA:129,0
DA:131,0
LF:59
LH:31
BRDA:54,0,0,0
BRDA:64,1,0,0
BRDA:75,2,0,0
BRDA:85,3,0,0
BRDA:95,4,0,0
BRDA:105,5,0,0
BRDA:115,6,0,0
BRDA:125,7,0,0
BRF:8
BRH:0
end_of_record
TN:
SF:src/redux/homeType.ts
FNF:0
FNH:0
DA:1,1
DA:2,1
DA:3,1
DA:4,1
DA:5,1
DA:6,1
DA:7,1
DA:8,1
LF:8
LH:8
BRF:0
BRH:0
end_of_record
